SF:lib/elegant_notification.dart
DA:16,1
DA:51,1
DA:52,1
DA:53,1
DA:56,1
DA:90,1
DA:91,3
DA:92,1
DA:93,1
DA:96,1
DA:130,1
DA:131,3
DA:132,1
DA:133,1
DA:136,1
DA:170,1
DA:171,3
DA:172,1
DA:173,1
DA:177,2
DA:178,2
DA:179,4
DA:181,2
DA:183,0
DA:188,4
DA:190,0
DA:191,0
DA:192,0
DA:194,4
DA:196,0
DA:197,0
DA:198,0
DA:200,4
DA:202,0
DA:203,0
DA:204,0
DA:206,4
DA:208,4
DA:209,4
DA:211,0
DA:213,0
DA:214,0
DA:216,0
DA:218,0
DA:219,0
DA:220,0
DA:222,0
DA:224,0
DA:225,0
DA:227,0
DA:229,0
DA:230,0
DA:384,0
DA:385,0
DA:386,0
DA:390,0
DA:391,0
DA:392,0
DA:393,0
DA:396,0
DA:397,0
DA:398,0
DA:399,0
DA:402,0
DA:403,0
DA:404,0
DA:405,0
DA:406,0
DA:410,0
DA:411,0
DA:412,0
DA:414,0
DA:416,0
DA:417,0
DA:418,0
DA:420,0
DA:421,0
DA:423,0
DA:424,0
DA:425,0
DA:426,0
DA:428,0
DA:429,0
DA:430,0
DA:431,0
DA:432,0
DA:433,0
DA:434,0
DA:436,0
DA:437,0
DA:441,0
DA:442,0
DA:443,0
DA:444,0
DA:445,0
DA:446,0
DA:447,0
DA:449,0
DA:450,0
DA:454,0
DA:455,0
DA:456,0
DA:457,0
DA:458,0
DA:459,0
DA:460,0
DA:462,0
DA:463,0
DA:467,0
DA:468,0
DA:469,0
DA:470,0
DA:471,0
DA:472,0
DA:481,0
DA:482,0
DA:484,0
DA:485,0
DA:487,0
DA:488,0
DA:489,0
DA:490,0
DA:491,0
DA:495,0
DA:497,0
DA:499,0
DA:507,2
DA:508,2
DA:513,2
DA:515,2
DA:516,10
DA:517,0
DA:518,0
DA:519,0
DA:520,0
DA:521,0
DA:525,4
DA:526,0
DA:528,2
DA:531,2
DA:532,6
DA:533,4
DA:537,4
DA:538,2
DA:539,0
DA:542,0
DA:543,0
DA:544,0
DA:545,0
DA:549,2
DA:550,6
DA:553,2
DA:554,2
DA:555,4
DA:556,4
DA:560,0
DA:561,0
DA:564,0
DA:565,0
DA:566,0
DA:567,0
DA:571,0
DA:572,0
DA:575,0
DA:576,0
DA:577,0
DA:578,0
DA:583,0
DA:586,0
DA:587,0
DA:588,0
DA:589,0
DA:602,2
DA:604,6
DA:605,8
DA:609,0
DA:610,0
DA:611,0
DA:612,0
DA:613,0
DA:614,0
DA:617,0
DA:618,0
DA:619,0
DA:620,0
DA:622,2
DA:624,2
DA:625,4
DA:626,2
DA:627,4
DA:628,4
DA:629,4
DA:631,0
DA:632,0
DA:633,0
DA:635,2
DA:636,4
DA:637,2
DA:638,12
DA:639,12
DA:640,2
DA:641,6
DA:642,4
DA:643,4
DA:644,2
DA:645,4
DA:648,2
DA:649,2
DA:650,2
DA:651,2
DA:652,4
DA:653,4
DA:654,4
DA:655,4
DA:656,4
DA:657,4
DA:659,4
DA:660,2
DA:661,4
DA:662,4
DA:665,4
DA:666,2
DA:668,4
DA:669,2
DA:670,4
DA:671,4
DA:672,2
DA:673,4
DA:674,4
DA:675,4
DA:687,2
DA:689,6
DA:690,6
DA:691,2
LF:234
LH:96
end_of_record
SF:lib/resources/extensions.dart
DA:6,1
DA:8,1
DA:10,1
DA:12,1
DA:21,0
DA:22,0
DA:26,0
LF:7
LH:4
end_of_record
SF:lib/resources/stacked_options.dart
DA:16,0
LF:1
LH:0
end_of_record
SF:lib/widgets/animated_progress_bar.dart
DA:10,2
DA:15,2
DA:17,2
DA:19,2
DA:29,2
DA:31,2
DA:33,4
DA:34,4
DA:37,4
DA:38,2
DA:41,4
DA:45,4
DA:48,0
DA:50,0
DA:52,0
DA:53,0
DA:54,0
DA:56,0
DA:59,0
DA:60,0
DA:61,0
DA:65,2
DA:67,4
DA:68,2
DA:71,2
DA:73,2
DA:74,2
DA:75,2
DA:76,2
DA:77,4
DA:78,6
DA:79,6
LF:32
LH:23
end_of_record
SF:lib/widgets/overlay_manager.dart
DA:4,6
DA:6,2
DA:7,2
DA:10,2
DA:14,0
DA:15,0
DA:18,0
DA:19,0
DA:22,0
DA:23,0
DA:26,0
DA:27,0
DA:28,0
LF:13
LH:4
end_of_record
SF:lib/widgets/toast_content.dart
DA:8,2
DA:19,2
DA:31,2
DA:33,4
DA:35,2
DA:36,2
DA:37,2
DA:41,2
DA:46,2
DA:51,2
DA:59,2
DA:60,2
DA:63,2
DA:64,2
DA:65,0
DA:70,2
DA:71,2
DA:75,0
DA:80,2
DA:81,2
DA:82,2
DA:83,2
DA:84,0
DA:85,0
DA:87,2
DA:114,2
DA:115,2
DA:116,2
DA:117,1
DA:120,1
DA:122,2
DA:123,1
DA:125,1
DA:128,1
DA:131,2
DA:132,1
DA:135,1
DA:138,1
LF:38
LH:34
end_of_record
